proguard/seeds.txt
com.handmark.pulltorefresh.library.PullToRefreshHorizontalScrollView$InternalHorizontalScrollViewSDK9
com.handmark.pulltorefresh.library.PullToRefreshHorizontalScrollView$InternalHorizontalScrollViewSDK9: com.handmark.pulltorefresh.library.PullToRefreshHorizontalScrollView this$0
com.handmark.pulltorefresh.library.PullToRefreshHorizontalScrollView$InternalHorizontalScrollViewSDK9: PullToRefreshHorizontalScrollView$InternalHorizontalScrollViewSDK9(com.handmark.pulltorefresh.library.PullToRefreshHorizontalScrollView,android.content.Context,android.util.AttributeSet)
com.handmark.pulltorefresh.library.PullToRefreshHorizontalScrollView$InternalHorizontalScrollViewSDK9: boolean overScrollBy(int,int,int,int,int,int,int,int,boolean)
com.handmark.pulltorefresh.library.PullToRefreshHorizontalScrollView$InternalHorizontalScrollViewSDK9: int getScrollRange()
com.handmark.pulltorefresh.library.PullToRefreshListView
com.handmark.pulltorefresh.library.PullToRefreshListView: com.handmark.pulltorefresh.library.internal.LoadingLayout mHeaderLoadingView
com.handmark.pulltorefresh.library.PullToRefreshListView: com.handmark.pulltorefresh.library.internal.LoadingLayout mFooterLoadingView
com.handmark.pulltorefresh.library.PullToRefreshListView: android.widget.FrameLayout mLvFooterLoadingFrame
com.handmark.pulltorefresh.library.PullToRefreshListView: boolean mListViewExtrasEnabled
com.handmark.pulltorefresh.library.PullToRefreshListView: int[] $SWITCH_TABLE$com$handmark$pulltorefresh$library$PullToRefreshBase$Mode
com.handmark.pulltorefresh.library.PullToRefreshListView: PullToRefreshListView(android.content.Context)
com.handmark.pulltorefresh.library.PullToRefreshListView: PullToRefreshListView(android.content.Context,android.util.AttributeSet)
com.handmark.pulltorefresh.library.PullToRefreshListView: PullToRefreshListView(android.content.Context,com.handmark.pulltorefresh.library.PullToRefreshBase$Mode)
com.handmark.pulltorefresh.library.PullToRefreshListView: PullToRefreshListView(android.content.Context,com.handmark.pulltorefresh.library.PullToRefreshBase$Mode,com.handmark.pulltorefresh.library.PullToRefreshBase$AnimationStyle)
com.handmark.pulltorefresh.library.PullToRefreshListView: com.handmark.pulltorefresh.library.PullToRefreshBase$Orientation getPullToRefreshScrollDirection()
com.handmark.pulltorefresh.library.PullToRefreshListView$InternalListView
com.handmark.pulltorefresh.library.PullToRefreshListView$InternalListView: boolean mAddedLvFooter
com.handmark.pulltorefresh.library.PullToRefreshListView$InternalListView: com.handmark.pulltorefresh.library.PullToRefreshListView this$0
com.handmark.pulltorefresh.library.PullToRefreshListView$InternalListView: PullToRefreshListView$InternalListView(com.handmark.pulltorefresh.library.PullToRefreshListView,android.content.Context,android.util.AttributeSet)
com.handmark.pulltorefresh.library.PullToRefreshListView$InternalListView: void dispatchDraw(android.graphics.Canvas)
com.handmark.pulltorefresh.library.PullToRefreshListView$InternalListView: boolean dispatchTouchEvent(android.view.MotionEvent)
com.handmark.pulltorefresh.library.PullToRefreshListView$InternalListView: void setAdapter(android.widget.ListAdapter)
com.handmark.pulltorefresh.library.PullToRefreshListView$InternalListView: void setEmptyView(android.view.View)
com.handmark.pulltorefresh.library.PullToRefreshListView$InternalListView: void setEmptyViewInternal(android.view.View)