proguard/mapping.txt
android.support.v4.app.LoaderManager -> android.support.v4.app.ao:
    boolean hasRunningLoaders() -> a
android.support.v4.app.LoaderManager$LoaderCallbacks -> android.support.v4.app.ap:
    android.support.v4.content.Loader onCreateLoader(int,android.os.Bundle) -> a
    void onLoadFinished(android.support.v4.content.Loader,java.lang.Object) -> a
    void onLoaderReset(android.support.v4.content.Loader) -> a
android.support.v4.app.LoaderManagerImpl -> android.support.v4.app.aq:
    boolean DEBUG -> a
    android.support.v4.util.SparseArrayCompat mLoaders -> b
    android.support.v4.util.SparseArrayCompat mInactiveLoaders -> c
    java.lang.String mWho -> d
    android.support.v4.app.FragmentActivity mActivity -> e
    boolean mStarted -> f
    boolean mRetaining -> g
    void updateActivity(android.support.v4.app.FragmentActivity) -> a
    void doStart() -> b
    void doStop() -> c
    void doRetain() -> d
    void finishRetain() -> e
    void doReportNextStart() -> f
    void doReportStart() -> g
    void doDestroy() -> h
    java.lang.String toString() -> toString
    void dump(java.lang.String,java.io.FileDescriptor,java.io.PrintWriter,java.lang.String[]) -> a
    boolean hasRunningLoaders() -> a
android.support.v4.app.LoaderManagerImpl$LoaderInfo -> android.support.v4.app.ar:
    int mId -> a
    android.os.Bundle mArgs -> b
    android.support.v4.app.LoaderManager$LoaderCallbacks mCallbacks -> c
    android.support.v4.content.Loader mLoader -> d
    boolean mHaveData -> e
    boolean mDeliveredData -> f
    java.lang.Object mData -> g
    boolean mStarted -> h
    boolean mRetaining -> i
    boolean mRetainingStarted -> j
    boolean mReportNextStart -> k
    boolean mDestroyed -> l
    boolean mListenerRegistered -> m
    android.support.v4.app.LoaderManagerImpl$LoaderInfo mPendingLoader -> n
    android.support.v4.app.LoaderManagerImpl this$0 -> o
    void start() -> a
    void retain() -> b
    void finishRetain() -> c
    void reportStart() -> d
    void stop() -> e
    void destroy() -> f
    void callOnLoadFinished(android.support.v4.content.Loader,java.lang.Object) -> a
    java.lang.String toString() -> toString
    void dump(java.lang.String,java.io.FileDescriptor,java.io.PrintWriter,java.lang.String[]) -> a
android.support.v4.app.NavUtils -> android.support.v4.app.as:
    android.support.v4.app.NavUtils$NavUtilsImpl IMPL -> a
    boolean shouldUpRecreateTask(android.app.Activity,android.content.Intent) -> a
    void navigateUpTo(android.app.Activity,android.content.Intent) -> b
    android.content.Intent getParentActivityIntent(android.app.Activity) -> a
    android.content.Intent getParentActivityIntent(android.content.Context,android.content.ComponentName) -> a
    java.lang.String getParentActivityName(android.app.Activity) -> b
    java.lang.String getParentActivityName(android.content.Context,android.content.ComponentName) -> b
android.support.v4.app.NavUtils$NavUtilsImpl -> android.support.v4.app.at:
    android.content.Intent getParentActivityIntent(android.app.Activity) -> a
    boolean shouldUpRecreateTask(android.app.Activity,android.content.Intent) -> a
    void navigateUpTo(android.app.Activity,android.content.Intent) -> b
    java.lang.String getParentActivityName(android.content.Context,android.content.pm.ActivityInfo) -> a
android.support.v4.app.NavUtils$NavUtilsImplBase -> android.support.v4.app.au:
    android.content.Intent getParentActivityIntent(android.app.Activity) -> a
    boolean shouldUpRecreateTask(android.app.Activity,android.content.Intent) -> a
    void navigateUpTo(android.app.Activity,android.content.Intent) -> b
    java.lang.String getParentActivityName(android.content.Context,android.content.pm.ActivityInfo) -> a