proguard/usage.txt
android.support.v7.internal.widget.AbsActionBarView:
    private static final int FADE_DURATION
    184:189:public void postShowOverflowMenu()
    192:195:public boolean hideOverflowMenu()
    199:202:public boolean isOverflowMenuShowing()
    206:209:public boolean isOverflowMenuShowPending()
    213:213:public boolean isOverflowReserved()
    217:217:public boolean canShowOverflowMenu()
    221:224:public void dismissPopupMenus()
android.support.v7.internal.widget.AbsActionBarView$1
android.support.v7.internal.widget.AbsSpinnerCompat:
    private android.graphics.Rect mTouchFrame
    54:56:AbsSpinnerCompat(android.content.Context)
    59:60:AbsSpinnerCompat(android.content.Context,android.util.AttributeSet)
    252:255:public void setSelection(int,boolean)
    273:280:void setSelectionInt(int,boolean)
    abstract void layout(int,boolean)
    325:341:public int pointToPosition(int,int)
android.support.v7.internal.widget.ActionBarContainer:
    231:231:public android.support.v7.view.ActionMode startActionModeForChild(android.view.View,android.support.v7.view.ActionMode$Callback)
android.support.v7.internal.widget.ActionBarContextView:
    private static final java.lang.String TAG
    private static final int ANIMATE_IDLE
    private static final int ANIMATE_IN
    private static final int ANIMATE_OUT
    302:305:public boolean hideOverflowMenu()
    310:313:public boolean isOverflowMenuShowing()
    45:45:public bridge synthetic void dismissPopupMenus()
    45:45:public bridge synthetic boolean canShowOverflowMenu()
    45:45:public bridge synthetic boolean isOverflowReserved()
    45:45:public bridge synthetic boolean isOverflowMenuShowPending()
    45:45:public bridge synthetic void postShowOverflowMenu()
android.support.v7.internal.widget.ActionBarOverlayLayout:
    private static final java.lang.String TAG
    613:613:public boolean isHideOnContentScrollEnabled()
    711:712:public boolean hasIcon()
    717:718:public boolean hasLogo()
    783:785:public void saveToolbarHierarchyState(android.util.SparseArray)
    789:791:public void restoreToolbarHierarchyState(android.util.SparseArray)
android.support.v7.internal.widget.ActionBarOverlayLayout$LayoutParams:
    813:814:public ActionBarOverlayLayout$LayoutParams(android.view.ViewGroup$MarginLayoutParams)
android.support.v7.internal.widget.ActivityChooserModel:
    private static final boolean DEBUG
    private static final java.lang.String TAG_HISTORICAL_RECORDS
    private static final java.lang.String TAG_HISTORICAL_RECORD
    private static final java.lang.String ATTRIBUTE_ACTIVITY
    private static final java.lang.String ATTRIBUTE_TIME
    private static final java.lang.String ATTRIBUTE_WEIGHT
    public static final java.lang.String DEFAULT_HISTORY_FILE_NAME
    public static final int DEFAULT_HISTORY_MAX_LENGTH
    private static final int DEFAULT_ACTIVITY_INFLATION
    private static final float DEFAULT_HISTORICAL_RECORD_WEIGHT
    private static final java.lang.String HISTORY_FILE_EXTENSION
    private static final int INVALID_INDEX
    334:341:public static android.support.v7.internal.widget.ActivityChooserModel get(android.content.Context,java.lang.String)
    350:358:private ActivityChooserModel(android.content.Context,java.lang.String)
    370:378:public void setIntent(android.content.Intent)
    386:388:public android.content.Intent getIntent()
    501:504:public void setOnChooseActivityListener(android.support.v7.internal.widget.ActivityChooserModel$OnChooseActivityListener)
    591:600:public void setActivitySorter(android.support.v7.internal.widget.ActivityChooserModel$ActivitySorter)
    616:626:public void setHistoryMaxSize(int)
    634:636:public int getHistoryMaxSize()
    645:648:public int getHistorySize()
android.support.v7.internal.widget.ActivityChooserModel$ActivityChooserModelClient
android.support.v7.internal.widget.ActivityChooserModel$DefaultSorter